<?xml version="1.0" encoding="UTF-8"?>
<!-- Generated by org.testng.reporters.JUnitXMLReporter -->
<testsuite ignored="0" hostname="MYTSL01758" failures="1" tests="2" name="Test" time="18.257" errors="0" timestamp="2022-08-04T17:39:49 IST">
  <testcase classname="Automation.SampleKDF.LoginPage" name="readExcel" time="17.831"/>
  <testcase classname="Automation.SampleKDF.TestReport" name="extentReportsDemo" time="0.004">
    <failure type="java.lang.IllegalStateException" message="The driver executable must exist: D:\Addwork\SampleKDF\null\Driver\chromedriver.exe">
      <![CDATA[java.lang.IllegalStateException: The driver executable must exist: D:\Addwork\SampleKDF\null\Driver\chromedriver.exe
at org.openqa.selenium.internal.Require$FileStateChecker.isFile(Require.java:342)
at org.openqa.selenium.remote.service.DriverService.checkExecutable(DriverService.java:147)
at org.openqa.selenium.remote.service.DriverService.findExecutable(DriverService.java:142)
at org.openqa.selenium.chrome.ChromeDriverService.access$000(ChromeDriverService.java:39)
at org.openqa.selenium.chrome.ChromeDriverService$Builder.findDefaultExecutable(ChromeDriverService.java:233)
at org.openqa.selenium.remote.service.DriverService$Builder.build(DriverService.java:437)
at org.openqa.selenium.chrome.ChromeDriverService.createDefaultService(ChromeDriverService.java:128)
at org.openqa.selenium.chrome.ChromeDriver.<init>(ChromeDriver.java:49)
at Automation.SampleKDF.TestReport.extentReportsDemo(TestReport.java:28)
at java.base/java.util.ArrayList.forEach(ArrayList.java:1511)
... Removed 27 stack frames]]>
    </failure>
  </testcase> <!-- extentReportsDemo -->
</testsuite> <!-- Test -->
